<?xml version="1.0" encoding="UTF-8"?>
<!-- Generated by org.testng.reporters.JUnitXMLReporter -->
<testsuite ignored="0" hostname="LAPTOP-FA7T866P" failures="0" tests="9" name="Default test" time="91.123" errors="0" timestamp="2022-11-09T13:58:17 IST">
  <testcase classname="core.Tests.IDPH.IDPHPortalTest" name="load_ADPER_Portal" time="15.443"/>
  <testcase classname="core.Tests.IDPH.IDPHPortalTest" name="ADPER_ValidLoginCredentials" time="5.566"/>
  <testcase classname="core.Tests.IDPH.IDPHPortalTest" name="VerifyToApply_EMSStudent_EMSProvider" time="6.415"/>
  <testcase classname="core.Tests.IDPH.IDPHPortalTest" name="EMSStudent_EMSProvider_Program" time="0.158"/>
  <testcase classname="core.Tests.IDPH.IDPHPortalTest" name="Verify_EMSStudent_ApplicationForms" time="2.168"/>
  <testcase classname="core.Tests.IDPH.IDPHPortalTest" name="EMSStudent_EMSProvider_CourseSelectionDropd" time="2.369"/>
  <testcase classname="core.Tests.IDPH.IDPHPortalTest" name="EMSStudent_Paramedic" time="1.684"/>
  <testcase classname="core.Tests.IDPH.IDPHPortalTest" name="EMSStudent_UploadAttachments" time="29.92"/>
  <testcase classname="core.Tests.IDPH.IDPHPortalTest" name="Valid_AgreeTerms_EMSStudent" time="8.231"/>
</testsuite> <!-- Default test -->
