<?xml version="1.0" encoding="UTF-8"?>
<!-- Generated by org.testng.reporters.JUnitXMLReporter -->
<testsuite ignored="0" hostname="LAPTOP-FA7T866P" failures="0" tests="129" name="Test" time="322.296" errors="0" timestamp="2022-10-20T16:23:09 IST">
  <testcase classname="core.Tests.IDPH.AdperPortal" name="load_ADPER_Portal" time="8.03"/>
  <testcase classname="core.Tests.IDPH.AdperPortal" name="VerifyHomePageLinks" time="0.894"/>
  <testcase classname="core.Tests.IDPH.AdperPortal" name="VerifyIsDisplayedLeftSideLinks" time="0.151"/>
  <testcase classname="core.Tests.IDPH.AdperPortal" name="VerifyIsDisplayedHomePageText" time="1.276"/>
  <testcase classname="core.Tests.IDPH.AdperPortal" name="VerifyIDPHRegulatoryTab" time="13.273"/>
  <testcase classname="core.Tests.IDPH.AdperPortal" name="VerifyPublicSearchClick" time="2.205"/>
  <testcase classname="core.Tests.IDPH.AdperPortal" name="VerifyIsDisplayedPublicSearchFields" time="1.457"/>
  <testcase classname="core.Tests.IDPH.AdperPortal" name="VerifyWithoutInputSearch" time="0.319"/>
  <testcase classname="core.Tests.IDPH.AdperPortal" name="VerifyValidPublicSearch" time="3.817"/>
  <testcase classname="core.Tests.IDPH.AdperPortal" name="VerifySearchResultsExport" time="0.298"/>
  <testcase classname="core.Tests.IDPH.AdperPortal" name="VerifyPublicDetails" time="9.941"/>
  <testcase classname="core.Tests.IDPH.AdperPortal" name="VerifyPublicDetailsBackButtonNav" time="8.381"/>
  <testcase classname="core.Tests.IDPH.AdperPortal" name="VerifyResetButton" time="0.097"/>
  <testcase classname="core.Tests.IDPH.AdperPortal" name="VerifyInvalidSearch" time="2.255"/>
  <testcase classname="core.Tests.IDPH.AdperPortal" name="VerifySecondInvalidSearch" time="0.395"/>
  <testcase classname="core.Tests.IDPH.AdperPortal" name="VerifyCourseSearchButtons" time="0.347"/>
  <testcase classname="core.Tests.IDPH.AdperPortal" name="VerifyCourseSearchDropdowns" time="0.508"/>
  <testcase classname="core.Tests.IDPH.AdperPortal" name="VerifyIsDisplayedCourseSearchProgram" time="0.821"/>
  <testcase classname="core.Tests.IDPH.AdperPortal" name="VerifyWithoutInputCourseSearch" time="0.475"/>
  <testcase classname="core.Tests.IDPH.AdperPortal" name="VerifyValidCourseSearch" time="3.641"/>
  <testcase classname="core.Tests.IDPH.AdperPortal" name="VerifyEventsReturns" time="0.295"/>
  <testcase classname="core.Tests.IDPH.AdperPortal" name="VerifyCourseSearchExportbutton" time="0.148"/>
  <testcase classname="core.Tests.IDPH.AdperPortal" name="VerifyCourseSearchReset" time="0.31"/>
  <testcase classname="core.Tests.IDPH.AdperPortal" name="VerifyCourseSearchReturn" time="2.8"/>
  <testcase classname="core.Tests.IDPH.AdperPortal" name="VerifySignInPage" time="0.952"/>
  <testcase classname="core.Tests.IDPH.AdperPortal" name="ADPER_InvalidLoginCredentials" time="2.783"/>
  <testcase classname="core.Tests.IDPH.AdperPortal" name="ADPER_ValidLoginCredentials" time="3.436"/>
  <testcase classname="core.Tests.IDPH.AdperPortal" name="ApplyForProgramNavigation" time="0.292"/>
  <testcase classname="core.Tests.IDPH.AdperPortal" name="ApplyForProgramDisplayFields" time="0.41"/>
  <testcase classname="core.Tests.IDPH.AdperPortal" name="ApplyForProgramCancel" time="0.236"/>
  <testcase classname="core.Tests.IDPH.AdperPortal" name="WithoutValuesApplyforProgram" time="0.369"/>
  <testcase classname="core.Tests.IDPH.AdperPortal" name="VerifyProgramDropdownValues" time="0.543"/>
  <testcase classname="core.Tests.IDPH.AdperPortal" name="WithoutProgramDetailApplyforProgram" time="0.339"/>
  <testcase classname="core.Tests.IDPH.AdperPortal" name="VerifyBackFlowProgramDetailsDropdownValues" time="0.415"/>
  <testcase classname="core.Tests.IDPH.AdperPortal" name="ApplyforProgramPopup" time="0.537"/>
  <testcase classname="core.Tests.IDPH.AdperPortal" name="ApplyforProgramPopupCancelbutton" time="0.251"/>
  <testcase classname="core.Tests.IDPH.AdperPortal" name="ApplyforProgramPopupOKbutton" time="1.609"/>
  <testcase classname="core.Tests.IDPH.AdperPortal" name="VerifyInCompleteApplyProgramDropdownValues" time="5.222"/>
  <testcase classname="core.Tests.IDPH.AdperPortal" name="ApplyForProgramEdit" time="1.859"/>
  <testcase classname="core.Tests.IDPH.AdperPortal" name="ApplicationFormDisplayFields" time="0.718"/>
  <testcase classname="core.Tests.IDPH.AdperPortal" name="ApplicationFormProgramType" time="0.117"/>
  <testcase classname="core.Tests.IDPH.AdperPortal" name="BackflowTesterAffirmations" time="1.369"/>
  <testcase classname="core.Tests.IDPH.AdperPortal" name="BackflowTester_Affirmations_RequiredFields" time="0.852"/>
  <testcase classname="core.Tests.IDPH.AdperPortal" name="BackflowTester_Affirmations_YES" time="3.645"/>
  <testcase classname="core.Tests.IDPH.AdperPortal" name="BackflowTesterThirdPartyCertification" time="0.981"/>
  <testcase classname="core.Tests.IDPH.AdperPortal" name="BackflowTester_ThirdPartyCertification_RequiredFields" time="0.272"/>
  <testcase classname="core.Tests.IDPH.AdperPortal" name="BackflowTester_ThridPartyCertification_YES" time="2.078"/>
  <testcase classname="core.Tests.IDPH.AdperPortal" name="ThridPartyCertification_ExpirationDate" time="2.184"/>
  <testcase classname="core.Tests.IDPH.AdperPortal" name="BackflowTesterOutOfStateCredentials" time="1.556"/>
  <testcase classname="core.Tests.IDPH.AdperPortal" name="BackflowTester_OutOfStateCredentials_RequiredFields" time="0.302"/>
  <testcase classname="core.Tests.IDPH.AdperPortal" name="BackflowTester_OutOfStateCredentials_YES" time="3.488"/>
  <testcase classname="core.Tests.IDPH.AdperPortal" name="OutOfStateCredentials_ExpirationDate" time="2.236"/>
  <testcase classname="core.Tests.IDPH.AdperPortal" name="OutOfStateCredentials_InvalidCourseDate" time="2.2"/>
  <testcase classname="core.Tests.IDPH.AdperPortal" name="AttchmentDisplayFields" time="1.961"/>
  <testcase classname="core.Tests.IDPH.AdperPortal" name="UploadAttachmentsPopupMessage" time="0.833"/>
  <testcase classname="core.Tests.IDPH.AdperPortal" name="AttachmentsDelete" time="0.119"/>
  <testcase classname="core.Tests.IDPH.AdperPortal" name="UploadNewAttachments" time="6.574"/>
  <testcase classname="core.Tests.IDPH.AdperPortal" name="NavTermsAndConditions" time="3.957"/>
  <testcase classname="core.Tests.IDPH.AdperPortal" name="TermsAndConditionsText" time="0.706"/>
  <testcase classname="core.Tests.IDPH.AdperPortal" name="WithoutAgreeTerms" time="0.254"/>
  <testcase classname="core.Tests.IDPH.AdperPortal" name="ValidAgreeTerms" time="1.695"/>
  <testcase classname="core.Tests.IDPH.AdperPortal" name="VerifyMakePaymentFields" time="2.157"/>
  <testcase classname="core.Tests.IDPH.AdperPortal" name="VerifyBackFlowPayment" time="0.744"/>
  <testcase classname="core.Tests.IDPH.AdperPortal" name="PayLaterAlertAccept" time="0.949"/>
  <testcase classname="core.Tests.IDPH.AdperPortal" name="PayLaterAlertDismiss" time="0.894"/>
  <testcase classname="core.Tests.IDPH.AdperPortal" name="PayLaterOptions" time="0.539"/>
  <testcase classname="core.Tests.IDPH.AdperPortal" name="NavPayLaterDismiss" time="1.295"/>
  <testcase classname="core.Tests.IDPH.AdperPortal" name="NavPayLaterAccept" time="0.859"/>
  <testcase classname="core.Tests.IDPH.AdperPortal" name="VerifyPayNow" time="9.045"/>
  <testcase classname="core.Tests.IDPH.AdperPortal" name="MakePaymentAlert" time="6.457"/>
  <testcase classname="core.Tests.IDPH.AdperPortal" name="PayNowbutton" time="2.21"/>
  <testcase classname="core.Tests.IDPH.AdperPortal" name="InvalidPaymentContinue" time="1.834"/>
  <testcase classname="core.Tests.IDPH.AdperPortal" name="InvalidCardNumPayment" time="2.145"/>
  <testcase classname="core.Tests.IDPH.AdperPortal" name="ValidPaymentContinue" time="3.02"/>
  <testcase classname="core.Tests.IDPH.AdperPortal" name="ReviewPaymentConfirm" time="33.167"/>
  <testcase classname="core.Tests.IDPH.AdperPortal" name="PaymentConfirmation" time="2.529"/>
  <testcase classname="core.Tests.IDPH.AdperPortal" name="NavPaymentReceiptDetails" time="13.696"/>
  <testcase classname="core.Tests.IDPH.AdperPortal" name="ApplyforProgramDuplicate" time="2.966"/>
  <testcase classname="core.Tests.IDPH.AdperPortal" name="VerifyAEMTProgramDropdownValues" time="0.424"/>
  <testcase classname="core.Tests.IDPH.AdperPortal" name="WithoutAEMTProgramDetailApplyforProgram" time="0.415"/>
  <testcase classname="core.Tests.IDPH.AdperPortal" name="VerifyAEMTProgram_ProgramDetailProgramDetailsDropdownValues" time="0.798"/>
  <testcase classname="core.Tests.IDPH.AdperPortal" name="ApplyforAEMTProgramPopup" time="0.348"/>
  <testcase classname="core.Tests.IDPH.AdperPortal" name="ApplyforAEMTProgramPopupCancelbutton" time="0.293"/>
  <testcase classname="core.Tests.IDPH.AdperPortal" name="ApplyforAEMTProgramPopupOKbutton" time="1.69"/>
  <testcase classname="core.Tests.IDPH.AdperPortal" name="VerifyInCompleteApplyAEMTProgramDropdownValues" time="5.337"/>
  <testcase classname="core.Tests.IDPH.AdperPortal" name="ApplyForAEMTProgramEdit" time="1.769"/>
  <testcase classname="core.Tests.IDPH.AdperPortal" name="AEMTApplicationFormDisplayFields" time="0.721"/>
  <testcase classname="core.Tests.IDPH.AdperPortal" name="AEMTApplicationFormProgramType" time="0.091"/>
  <testcase classname="core.Tests.IDPH.AdperPortal" name="EMSProviderAffirmations" time="1.332"/>
  <testcase classname="core.Tests.IDPH.AdperPortal" name="EMSProvider_Affirmations_RequiredFields" time="0.788"/>
  <testcase classname="core.Tests.IDPH.AdperPortal" name="EMSProvider_Affirmations_YES" time="3.79"/>
  <testcase classname="core.Tests.IDPH.AdperPortal" name="EMSProvider_PersonalInformation" time="0.73"/>
  <testcase classname="core.Tests.IDPH.AdperPortal" name="EMSProvider_PersonalInformation_RequiredFields" time="0.268"/>
  <testcase classname="core.Tests.IDPH.AdperPortal" name="Enter_PersonalInformation_EMSProvider" time="0.903"/>
  <testcase classname="core.Tests.IDPH.AdperPortal" name="EMSProvider_CurrentNationalRegistry" time="0.656"/>
  <testcase classname="core.Tests.IDPH.AdperPortal" name="EMSProvider_CurrentNationalRegistryDropd" time="0.548"/>
  <testcase classname="core.Tests.IDPH.AdperPortal" name="EMSProvider_CurrentNationalRegistry_NREMTBlank" time="1.554"/>
  <testcase classname="core.Tests.IDPH.AdperPortal" name="EMSProvider_CurrentNationalRegistry_NREMTDate" time="2.235"/>
  <testcase classname="core.Tests.IDPH.AdperPortal" name="EMSProvider_ProviderDisaster" time="1.402"/>
  <testcase classname="core.Tests.IDPH.AdperPortal" name="EMSProvider_ProviderDisaster_RequiredFields" time="0.308"/>
  <testcase classname="core.Tests.IDPH.AdperPortal" name="EMSProvider_FeeWaiverRequest" time="0.912"/>
  <testcase classname="core.Tests.IDPH.AdperPortal" name="EMSProvider_FeeWaiverRequest_RequiredFields" time="0.491"/>
  <testcase classname="core.Tests.IDPH.AdperPortal" name="EMSProvider_FeeWaiverRequest_FederalPovertyDropd" time="0.642"/>
  <testcase classname="core.Tests.IDPH.AdperPortal" name="EMSProvider_FeeWaiverRequest_HouseHoldIncomeDropd" time="0.718"/>
  <testcase classname="core.Tests.IDPH.AdperPortal" name="AEMT_EMS_AttchmentDisplayFields" time="2.171"/>
  <testcase classname="core.Tests.IDPH.AdperPortal" name="AEMT_EMS_UploadAttachmentsPopupMessage" time="0.919"/>
  <testcase classname="core.Tests.IDPH.AdperPortal" name="AEMT_EMS_AttachmentsDelete" time="0.088"/>
  <testcase classname="core.Tests.IDPH.AdperPortal" name="AEMT_EMS_UploadNewAttachments" time="6.736"/>
  <testcase classname="core.Tests.IDPH.AdperPortal" name="AEMT_EMS_NavTermsAndConditions" time="4.118"/>
  <testcase classname="core.Tests.IDPH.AdperPortal" name="AEMT_EMS_TermsAndConditionsText" time="0.7"/>
  <testcase classname="core.Tests.IDPH.AdperPortal" name="AEMT_EMS_WithoutAgreeTerms" time="0.251"/>
  <testcase classname="core.Tests.IDPH.AdperPortal" name="AEMT_EMS_ValidAgreeTerms" time="1.756"/>
  <testcase classname="core.Tests.IDPH.AdperPortal" name="AEMT_EMS_VerifyMakePaymentFields" time="2.138"/>
  <testcase classname="core.Tests.IDPH.AdperPortal" name="Verify_AEMT_EMSPayment" time="1.259"/>
  <testcase classname="core.Tests.IDPH.AdperPortal" name="AEMT_EMS_PayLaterAlertAccept" time="0.969"/>
  <testcase classname="core.Tests.IDPH.AdperPortal" name="AEMT_EMS_PayLaterAlertDismiss" time="0.919"/>
  <testcase classname="core.Tests.IDPH.AdperPortal" name="AEMT_EMS_PayLaterOptions" time="0.512"/>
  <testcase classname="core.Tests.IDPH.AdperPortal" name="AEMT_EMS_NavPayLaterDismiss" time="1.131"/>
  <testcase classname="core.Tests.IDPH.AdperPortal" name="NavPayLaterAccept_AEMT_EMS" time="0.904"/>
  <testcase classname="core.Tests.IDPH.AdperPortal" name="VerifyPayNow_AEMT_EMS" time="7.956"/>
  <testcase classname="core.Tests.IDPH.AdperPortal" name="MakePaymentAlert_AEMT_EMS" time="2.74"/>
  <testcase classname="core.Tests.IDPH.AdperPortal" name="PayNowbutton_AEMT_EMS" time="2.477"/>
  <testcase classname="core.Tests.IDPH.AdperPortal" name="InvalidPaymentContinue_AEMT_EMS" time="2.56"/>
  <testcase classname="core.Tests.IDPH.AdperPortal" name="InvalidCardNumPayment_AEMT_EMS" time="2.349"/>
  <testcase classname="core.Tests.IDPH.AdperPortal" name="ValidPaymentContinue_AEMT_EMS" time="2.645"/>
  <testcase classname="core.Tests.IDPH.AdperPortal" name="ReviewPaymentConfirm_AEMT_EMS" time="12.206"/>
  <testcase classname="core.Tests.IDPH.AdperPortal" name="PaymentConfirmation_AEMT_EMS" time="0.692"/>
  <testcase classname="core.Tests.IDPH.AdperPortal" name="NavPaymentReceiptDetails_AEMT_EMS" time="12.753"/>
  <testcase classname="core.Tests.IDPH.AdperPortal" name="ApplyforProgramDuplicate_AEMT_EMS" time="2.808"/>
</testsuite> <!-- Test -->
