<?xml version="1.0" encoding="UTF-8"?>
<!-- Generated by org.testng.reporters.JUnitXMLReporter -->
<testsuite ignored="0" hostname="LAPTOP-FA7T866P" failures="0" tests="78" name="Test" time="232.563" errors="0" timestamp="2022-10-13T12:59:09 IST">
  <testcase classname="core.Tests.IDPH.AdperPortal" name="load_ADPER_Portal" time="17.473"/>
  <testcase classname="core.Tests.IDPH.AdperPortal" name="VerifyHomePageLinks" time="0.921"/>
  <testcase classname="core.Tests.IDPH.AdperPortal" name="VerifyIsDisplayedLeftSideLinks" time="0.171"/>
  <testcase classname="core.Tests.IDPH.AdperPortal" name="VerifyIsDisplayedHomePageText" time="1.585"/>
  <testcase classname="core.Tests.IDPH.AdperPortal" name="VerifyIDPHRegulatoryTab" time="14.472"/>
  <testcase classname="core.Tests.IDPH.AdperPortal" name="VerifyPublicSearchClick" time="2.399"/>
  <testcase classname="core.Tests.IDPH.AdperPortal" name="VerifyIsDisplayedPublicSearchFields" time="1.831"/>
  <testcase classname="core.Tests.IDPH.AdperPortal" name="VerifyWithoutInputSearch" time="0.235"/>
  <testcase classname="core.Tests.IDPH.AdperPortal" name="VerifyValidPublicSearch" time="5.716"/>
  <testcase classname="core.Tests.IDPH.AdperPortal" name="VerifySearchResultsExport" time="0.258"/>
  <testcase classname="core.Tests.IDPH.AdperPortal" name="VerifyPublicDetails" time="8.794"/>
  <testcase classname="core.Tests.IDPH.AdperPortal" name="VerifyPublicDetailsBackButtonNav" time="12.562"/>
  <testcase classname="core.Tests.IDPH.AdperPortal" name="VerifyResetButton" time="0.121"/>
  <testcase classname="core.Tests.IDPH.AdperPortal" name="VerifyInvalidSearch" time="2.351"/>
  <testcase classname="core.Tests.IDPH.AdperPortal" name="VerifySecondInvalidSearch" time="0.44"/>
  <testcase classname="core.Tests.IDPH.AdperPortal" name="VerifyCourseSearchButtons" time="0.433"/>
  <testcase classname="core.Tests.IDPH.AdperPortal" name="VerifyCourseSearchDropdowns" time="0.465"/>
  <testcase classname="core.Tests.IDPH.AdperPortal" name="VerifyIsDisplayedCourseSearchProgram" time="0.814"/>
  <testcase classname="core.Tests.IDPH.AdperPortal" name="VerifyWithoutInputCourseSearch" time="0.591"/>
  <testcase classname="core.Tests.IDPH.AdperPortal" name="VerifyValidCourseSearch" time="3.973"/>
  <testcase classname="core.Tests.IDPH.AdperPortal" name="VerifyEventsReturns" time="0.357"/>
  <testcase classname="core.Tests.IDPH.AdperPortal" name="VerifyCourseSearchExportbutton" time="0.256"/>
  <testcase classname="core.Tests.IDPH.AdperPortal" name="VerifyCourseSearchReset" time="0.294"/>
  <testcase classname="core.Tests.IDPH.AdperPortal" name="VerifyCourseSearchReturn" time="2.947"/>
  <testcase classname="core.Tests.IDPH.AdperPortal" name="VerifySignInPage" time="0.816"/>
  <testcase classname="core.Tests.IDPH.AdperPortal" name="ADPER_InvalidLoginCredentials" time="2.428"/>
  <testcase classname="core.Tests.IDPH.AdperPortal" name="ADPER_ValidLoginCredentials" time="3.635"/>
  <testcase classname="core.Tests.IDPH.AdperPortal" name="ApplyForProgramNavigation" time="0.308"/>
  <testcase classname="core.Tests.IDPH.AdperPortal" name="ApplyForProgramDisplayFields" time="0.46"/>
  <testcase classname="core.Tests.IDPH.AdperPortal" name="ApplyForProgramCancel" time="0.266"/>
  <testcase classname="core.Tests.IDPH.AdperPortal" name="WithoutValuesApplyforProgram" time="0.361"/>
  <testcase classname="core.Tests.IDPH.AdperPortal" name="VerifyProgramDropdownValues" time="0.518"/>
  <testcase classname="core.Tests.IDPH.AdperPortal" name="WithoutProgramDetailApplyforProgram" time="0.45"/>
  <testcase classname="core.Tests.IDPH.AdperPortal" name="VerifyBackFlowProgramDetailsDropdownValues" time="0.395"/>
  <testcase classname="core.Tests.IDPH.AdperPortal" name="ApplyforProgramPopup" time="0.493"/>
  <testcase classname="core.Tests.IDPH.AdperPortal" name="ApplyforProgramPopupCancelbutton" time="0.221"/>
  <testcase classname="core.Tests.IDPH.AdperPortal" name="ApplyforProgramPopupOKbutton" time="1.846"/>
  <testcase classname="core.Tests.IDPH.AdperPortal" name="VerifyInCompleteApplyProgramDropdownValues" time="5.955"/>
  <testcase classname="core.Tests.IDPH.AdperPortal" name="ApplyForProgramEdit" time="1.926"/>
  <testcase classname="core.Tests.IDPH.AdperPortal" name="ApplicationFormDisplayFields" time="0.675"/>
  <testcase classname="core.Tests.IDPH.AdperPortal" name="ApplicationFormProgramType" time="0.111"/>
  <testcase classname="core.Tests.IDPH.AdperPortal" name="BackflowTesterAffirmations" time="2.028"/>
  <testcase classname="core.Tests.IDPH.AdperPortal" name="BackflowTester_Affirmations_RequiredFields" time="0.894"/>
  <testcase classname="core.Tests.IDPH.AdperPortal" name="BackflowTester_Affirmations_YES" time="4.781"/>
  <testcase classname="core.Tests.IDPH.AdperPortal" name="BackflowTesterThirdPartyCertification" time="1.072"/>
  <testcase classname="core.Tests.IDPH.AdperPortal" name="BackflowTester_ThirdPartyCertification_RequiredFields" time="0.2"/>
  <testcase classname="core.Tests.IDPH.AdperPortal" name="BackflowTester_ThridPartyCertification_YES" time="2.702"/>
  <testcase classname="core.Tests.IDPH.AdperPortal" name="ThridPartyCertification_ExpirationDate" time="2.585"/>
  <testcase classname="core.Tests.IDPH.AdperPortal" name="BackflowTesterOutOfStateCredentials" time="1.522"/>
  <testcase classname="core.Tests.IDPH.AdperPortal" name="BackflowTester_OutOfStateCredentials_RequiredFields" time="0.344"/>
  <testcase classname="core.Tests.IDPH.AdperPortal" name="BackflowTester_OutOfStateCredentials_YES" time="3.957"/>
  <testcase classname="core.Tests.IDPH.AdperPortal" name="OutOfStateCredentials_ExpirationDate" time="2.546"/>
  <testcase classname="core.Tests.IDPH.AdperPortal" name="OutOfStateCredentials_InvalidCourseDate" time="2.305"/>
  <testcase classname="core.Tests.IDPH.AdperPortal" name="AttchmentDisplayFields" time="1.981"/>
  <testcase classname="core.Tests.IDPH.AdperPortal" name="UploadAttachmentsPopupMessage" time="1.118"/>
  <testcase classname="core.Tests.IDPH.AdperPortal" name="AttachmentsDelete" time="0.129"/>
  <testcase classname="core.Tests.IDPH.AdperPortal" name="UploadNewAttachments" time="8.717"/>
  <testcase classname="core.Tests.IDPH.AdperPortal" name="NavTermsAndConditions" time="4.349"/>
  <testcase classname="core.Tests.IDPH.AdperPortal" name="TermsAndConditionsText" time="0.98"/>
  <testcase classname="core.Tests.IDPH.AdperPortal" name="WithoutAgreeTerms" time="0.309"/>
  <testcase classname="core.Tests.IDPH.AdperPortal" name="ValidAgreeTerms" time="1.947"/>
  <testcase classname="core.Tests.IDPH.AdperPortal" name="VerifyMakePaymentFields" time="2.21"/>
  <testcase classname="core.Tests.IDPH.AdperPortal" name="VerifyBackFlowPayment" time="1.041"/>
  <testcase classname="core.Tests.IDPH.AdperPortal" name="PayLaterAlertAccept" time="1.132"/>
  <testcase classname="core.Tests.IDPH.AdperPortal" name="PayLaterAlertDismiss" time="1.097"/>
  <testcase classname="core.Tests.IDPH.AdperPortal" name="PayLaterOptions" time="0.541"/>
  <testcase classname="core.Tests.IDPH.AdperPortal" name="NavPayLaterDismiss" time="1.305"/>
  <testcase classname="core.Tests.IDPH.AdperPortal" name="NavPayLaterAccept" time="1.504"/>
  <testcase classname="core.Tests.IDPH.AdperPortal" name="VerifyPayNow" time="8.103"/>
  <testcase classname="core.Tests.IDPH.AdperPortal" name="MakePaymentAlert" time="7.554"/>
  <testcase classname="core.Tests.IDPH.AdperPortal" name="PayNowbutton" time="2.815"/>
  <testcase classname="core.Tests.IDPH.AdperPortal" name="InvalidPaymentContinue" time="2.016"/>
  <testcase classname="core.Tests.IDPH.AdperPortal" name="InvalidCardNumPayment" time="2.227"/>
  <testcase classname="core.Tests.IDPH.AdperPortal" name="ValidPaymentContinue" time="3.499"/>
  <testcase classname="core.Tests.IDPH.AdperPortal" name="ReviewPaymentConfirm" time="14.058"/>
  <testcase classname="core.Tests.IDPH.AdperPortal" name="PaymentConfirmation" time="2.814"/>
  <testcase classname="core.Tests.IDPH.AdperPortal" name="NavPaymentReceiptDetails" time="12.322"/>
  <testcase classname="core.Tests.IDPH.AdperPortal" name="ApplyforProgramDuplicate" time="3.099"/>
</testsuite> <!-- Test -->
