<?xml version="1.0" encoding="UTF-8"?>
<testng-results ignored="0" total="9" passed="9" failed="0" skipped="0">
  <reporter-output>
  </reporter-output>
  <suite started-at="2022-11-09T13:56:45 IST" name="Default suite" finished-at="2022-11-09T13:58:17 IST" duration-ms="91123">
    <groups>
    </groups>
    <test started-at="2022-11-09T13:56:45 IST" name="Default test" finished-at="2022-11-09T13:58:17 IST" duration-ms="91123">
      <class name="core.Tests.IDPH.IDPHPortalTest">
        <test-method is-config="true" signature="setupTestData()[pri:0, instance:core.Tests.IDPH.IDPHPortalTest@a530d0a]" started-at="2022-11-09T13:56:45 IST" name="setupTestData" finished-at="2022-11-09T13:56:48 IST" duration-ms="2573" status="PASS">
          <reporter-output>
          </reporter-output>
        </test-method> <!-- setupTestData -->
        <test-method is-config="true" signature="classLevelSetup()[pri:0, instance:core.Tests.IDPH.IDPHPortalTest@a530d0a]" started-at="2022-11-09T13:56:48 IST" name="classLevelSetup" finished-at="2022-11-09T13:56:59 IST" duration-ms="10933" status="PASS">
          <reporter-output>
          </reporter-output>
        </test-method> <!-- classLevelSetup -->
        <test-method is-config="true" signature="methodLevelSetup()[pri:0, instance:core.Tests.IDPH.IDPHPortalTest@a530d0a]" started-at="2022-11-09T13:56:59 IST" name="methodLevelSetup" finished-at="2022-11-09T13:57:00 IST" duration-ms="618" status="PASS">
          <reporter-output>
          </reporter-output>
        </test-method> <!-- methodLevelSetup -->
        <test-method signature="load_ADPER_Portal(java.lang.reflect.Method)[pri:1, instance:core.Tests.IDPH.IDPHPortalTest@a530d0a]" started-at="2022-11-09T13:57:00 IST" name="load_ADPER_Portal" description="Verify the ADPER URL is loaded in the browser." finished-at="2022-11-09T13:57:15 IST" duration-ms="15443" status="PASS">
          <params>
            <param index="0">
              <value>
                <![CDATA[public void core.Tests.IDPH.IDPHPortalTest.load_ADPER_Portal(java.lang.reflect.Method) throws java.lang.InterruptedException]]>
              </value>
            </param>
          </params>
          <reporter-output>
          </reporter-output>
        </test-method> <!-- load_ADPER_Portal -->
        <test-method is-config="true" signature="methodLevelSetup()[pri:0, instance:core.Tests.IDPH.IDPHPortalTest@a530d0a]" started-at="2022-11-09T13:57:15 IST" name="methodLevelSetup" finished-at="2022-11-09T13:57:15 IST" duration-ms="18" status="PASS">
          <reporter-output>
          </reporter-output>
        </test-method> <!-- methodLevelSetup -->
        <test-method signature="ADPER_ValidLoginCredentials(java.lang.reflect.Method)[pri:27, instance:core.Tests.IDPH.IDPHPortalTest@a530d0a]" started-at="2022-11-09T13:57:15 IST" name="ADPER_ValidLoginCredentials" description="Verify to Login with valid username and password." finished-at="2022-11-09T13:57:21 IST" duration-ms="5566" status="PASS">
          <params>
            <param index="0">
              <value>
                <![CDATA[public void core.Tests.IDPH.IDPHPortalTest.ADPER_ValidLoginCredentials(java.lang.reflect.Method)]]>
              </value>
            </param>
          </params>
          <reporter-output>
          </reporter-output>
        </test-method> <!-- ADPER_ValidLoginCredentials -->
        <test-method is-config="true" signature="methodLevelSetup()[pri:0, instance:core.Tests.IDPH.IDPHPortalTest@a530d0a]" started-at="2022-11-09T13:57:21 IST" name="methodLevelSetup" finished-at="2022-11-09T13:57:21 IST" duration-ms="28" status="PASS">
          <reporter-output>
          </reporter-output>
        </test-method> <!-- methodLevelSetup -->
        <test-method signature="VerifyToApply_EMSStudent_EMSProvider(java.lang.reflect.Method)[pri:108, instance:core.Tests.IDPH.IDPHPortalTest@a530d0a]" started-at="2022-11-09T13:57:21 IST" name="VerifyToApply_EMSStudent_EMSProvider" description="Verify to Apply EMS Provider Program with the subtype EMS Student" finished-at="2022-11-09T13:57:27 IST" duration-ms="6415" status="PASS">
          <params>
            <param index="0">
              <value>
                <![CDATA[public void core.Tests.IDPH.IDPHPortalTest.VerifyToApply_EMSStudent_EMSProvider(java.lang.reflect.Method) throws java.lang.InterruptedException]]>
              </value>
            </param>
          </params>
          <reporter-output>
          </reporter-output>
        </test-method> <!-- VerifyToApply_EMSStudent_EMSProvider -->
        <test-method is-config="true" signature="methodLevelSetup()[pri:0, instance:core.Tests.IDPH.IDPHPortalTest@a530d0a]" started-at="2022-11-09T13:57:27 IST" name="methodLevelSetup" finished-at="2022-11-09T13:57:27 IST" duration-ms="18" status="PASS">
          <reporter-output>
          </reporter-output>
        </test-method> <!-- methodLevelSetup -->
        <test-method signature="EMSStudent_EMSProvider_Program(java.lang.reflect.Method)[pri:109, instance:core.Tests.IDPH.IDPHPortalTest@a530d0a]" started-at="2022-11-09T13:57:27 IST" name="EMSStudent_EMSProvider_Program" description="Verify The Program Type and Subtype must be displayed or not based on the ApplyProgram page selection." finished-at="2022-11-09T13:57:27 IST" duration-ms="158" status="PASS">
          <params>
            <param index="0">
              <value>
                <![CDATA[public void core.Tests.IDPH.IDPHPortalTest.EMSStudent_EMSProvider_Program(java.lang.reflect.Method) throws java.lang.InterruptedException]]>
              </value>
            </param>
          </params>
          <reporter-output>
          </reporter-output>
        </test-method> <!-- EMSStudent_EMSProvider_Program -->
        <test-method is-config="true" signature="methodLevelSetup()[pri:0, instance:core.Tests.IDPH.IDPHPortalTest@a530d0a]" started-at="2022-11-09T13:57:27 IST" name="methodLevelSetup" finished-at="2022-11-09T13:57:27 IST" duration-ms="18" status="PASS">
          <reporter-output>
          </reporter-output>
        </test-method> <!-- methodLevelSetup -->
        <test-method signature="Verify_EMSStudent_ApplicationForms(java.lang.reflect.Method)[pri:110, instance:core.Tests.IDPH.IDPHPortalTest@a530d0a]" started-at="2022-11-09T13:57:27 IST" name="Verify_EMSStudent_ApplicationForms" description="Verify to Fill informations in the the EMS Provider program, with the subtype EMS Student" finished-at="2022-11-09T13:57:29 IST" duration-ms="2168" status="PASS">
          <params>
            <param index="0">
              <value>
                <![CDATA[public void core.Tests.IDPH.IDPHPortalTest.Verify_EMSStudent_ApplicationForms(java.lang.reflect.Method) throws java.lang.InterruptedException]]>
              </value>
            </param>
          </params>
          <reporter-output>
          </reporter-output>
        </test-method> <!-- Verify_EMSStudent_ApplicationForms -->
        <test-method is-config="true" signature="methodLevelSetup()[pri:0, instance:core.Tests.IDPH.IDPHPortalTest@a530d0a]" started-at="2022-11-09T13:57:29 IST" name="methodLevelSetup" finished-at="2022-11-09T13:57:29 IST" duration-ms="28" status="PASS">
          <reporter-output>
          </reporter-output>
        </test-method> <!-- methodLevelSetup -->
        <test-method signature="EMSStudent_EMSProvider_CourseSelectionDropd(java.lang.reflect.Method)[pri:111, instance:core.Tests.IDPH.IDPHPortalTest@a530d0a]" started-at="2022-11-09T13:57:29 IST" name="EMSStudent_EMSProvider_CourseSelectionDropd" description="Verify AEMT must have an active EMT License" finished-at="2022-11-09T13:57:32 IST" duration-ms="2369" status="PASS">
          <params>
            <param index="0">
              <value>
                <![CDATA[public void core.Tests.IDPH.IDPHPortalTest.EMSStudent_EMSProvider_CourseSelectionDropd(java.lang.reflect.Method) throws java.lang.InterruptedException]]>
              </value>
            </param>
          </params>
          <reporter-output>
          </reporter-output>
        </test-method> <!-- EMSStudent_EMSProvider_CourseSelectionDropd -->
        <test-method is-config="true" signature="methodLevelSetup()[pri:0, instance:core.Tests.IDPH.IDPHPortalTest@a530d0a]" started-at="2022-11-09T13:57:32 IST" name="methodLevelSetup" finished-at="2022-11-09T13:57:32 IST" duration-ms="19" status="PASS">
          <reporter-output>
          </reporter-output>
        </test-method> <!-- methodLevelSetup -->
        <test-method signature="EMSStudent_Paramedic(java.lang.reflect.Method)[pri:112, instance:core.Tests.IDPH.IDPHPortalTest@a530d0a]" started-at="2022-11-09T13:57:32 IST" name="EMSStudent_Paramedic" description="Verify Paramedic must have an active AEMT or EMT License" finished-at="2022-11-09T13:57:34 IST" duration-ms="1684" status="PASS">
          <params>
            <param index="0">
              <value>
                <![CDATA[public void core.Tests.IDPH.IDPHPortalTest.EMSStudent_Paramedic(java.lang.reflect.Method) throws java.lang.InterruptedException]]>
              </value>
            </param>
          </params>
          <reporter-output>
          </reporter-output>
        </test-method> <!-- EMSStudent_Paramedic -->
        <test-method is-config="true" signature="methodLevelSetup()[pri:0, instance:core.Tests.IDPH.IDPHPortalTest@a530d0a]" started-at="2022-11-09T13:57:34 IST" name="methodLevelSetup" finished-at="2022-11-09T13:57:34 IST" duration-ms="16" status="PASS">
          <reporter-output>
          </reporter-output>
        </test-method> <!-- methodLevelSetup -->
        <test-method signature="EMSStudent_UploadAttachments(java.lang.reflect.Method)[pri:113, instance:core.Tests.IDPH.IDPHPortalTest@a530d0a]" started-at="2022-11-09T13:57:34 IST" name="EMSStudent_UploadAttachments" description="Verify the upload of attachments with documents." finished-at="2022-11-09T13:58:04 IST" duration-ms="29920" status="PASS">
          <params>
            <param index="0">
              <value>
                <![CDATA[public void core.Tests.IDPH.IDPHPortalTest.EMSStudent_UploadAttachments(java.lang.reflect.Method) throws java.lang.InterruptedException,java.io.IOException]]>
              </value>
            </param>
          </params>
          <reporter-output>
          </reporter-output>
        </test-method> <!-- EMSStudent_UploadAttachments -->
        <test-method is-config="true" signature="methodLevelSetup()[pri:0, instance:core.Tests.IDPH.IDPHPortalTest@a530d0a]" started-at="2022-11-09T13:58:04 IST" name="methodLevelSetup" finished-at="2022-11-09T13:58:04 IST" duration-ms="12" status="PASS">
          <reporter-output>
          </reporter-output>
        </test-method> <!-- methodLevelSetup -->
        <test-method signature="Valid_AgreeTerms_EMSStudent(java.lang.reflect.Method)[pri:114, instance:core.Tests.IDPH.IDPHPortalTest@a530d0a]" started-at="2022-11-09T13:58:04 IST" name="Valid_AgreeTerms_EMSStudent" description="Verify If you agree to the Terms and Conditions and click the Continue button, you must be taken to the Payment Page." finished-at="2022-11-09T13:58:12 IST" duration-ms="8231" status="PASS">
          <params>
            <param index="0">
              <value>
                <![CDATA[public void core.Tests.IDPH.IDPHPortalTest.Valid_AgreeTerms_EMSStudent(java.lang.reflect.Method) throws java.lang.InterruptedException]]>
              </value>
            </param>
          </params>
          <reporter-output>
          </reporter-output>
        </test-method> <!-- Valid_AgreeTerms_EMSStudent -->
        <test-method is-config="true" signature="teardown()[pri:0, instance:core.Tests.IDPH.IDPHPortalTest@a530d0a]" started-at="2022-11-09T13:58:12 IST" name="teardown" finished-at="2022-11-09T13:58:17 IST" duration-ms="4755" status="PASS">
          <reporter-output>
          </reporter-output>
        </test-method> <!-- teardown -->
      </class> <!-- core.Tests.IDPH.IDPHPortalTest -->
    </test> <!-- Default test -->
  </suite> <!-- Default suite -->
</testng-results>
